<?xml version="1.0" encoding="UTF-8"?>
<!-- Generated by org.testng.reporters.JUnitReportReporter -->
<testsuite hostname="Nikhil" failures="0" tests="1" name="restassuretesting.JsonOperation" time="1.352" errors="0" timestamp="2024-02-18T18:12:15 IST" skipped="0">
  <testcase classname="restassuretesting.JsonOperation" name="sumOfCourses" time="1.352"/>
</testsuite> <!-- restassuretesting.JsonOperation -->
