<?xml version="1.0" encoding="UTF-8"?>
<!-- Generated by org.testng.reporters.JUnitReportReporter -->
<testsuite hostname="Nikhil" failures="0" tests="6" name="restassuretesting.DynamicJson" time="2.624" errors="0" timestamp="2024-02-18T19:38:19 IST" skipped="0">
  <testcase classname="restassuretesting.DynamicJson" name="deleteBook" time="0.208"/>
  <testcase classname="restassuretesting.DynamicJson" name="deleteBook" time="0.201"/>
  <testcase classname="restassuretesting.DynamicJson" name="addBook" time="0.098"/>
  <testcase classname="restassuretesting.DynamicJson" name="addBook" time="1.907"/>
  <testcase classname="restassuretesting.DynamicJson" name="addBook" time="0.113"/>
  <testcase classname="restassuretesting.DynamicJson" name="deleteBook" time="0.097"/>
</testsuite> <!-- restassuretesting.DynamicJson -->
